<?xml version="1.0" encoding="UTF-8"?>
<testsuites name="user" time="41.789" tests="1" failures="0" errors="0">
   <testsuite name="user" tests="1" failures="0" errors="0" time="41.789" skipped="0" timestamp="07-02-2024T16:18:32" hostname="piawaitrisulo - 172.16.213.20" id="Test Suites/user">
      <properties>
         <property name="deviceName" value=""/>
         <property name="devicePlatform" value=""/>
         <property name="logFolder" value="/Users/jalu/git/tugas/Reports/20240207_161827/user/20240207_161828"/>
         <property name="logFiles" value="/Users/jalu/git/tugas/Reports/20240207_161827/user/20240207_161828/execution0.log"/>
         <property name="attachments" value=""/>
         <property name="hostName" value="piawaitrisulo - 172.16.213.20"/>
         <property name="os" value="Mac OS X 64bit"/>
         <property name="katalonVersion" value="9.3.0.212"/>
         <property name="browser" value="Chrome 121.0.0.0"/>
         <property name="hostAddress" value="172.16.213.20"/>
         <property name="sessionId" value="4b87094ba1722b3914c659150daa8ccb"/>
         <property name="seleniumVersion" value="3.141.59"/>
         <property name="proxyInformation" value="ProxyInformation { proxyOption=NO_PROXY, proxyServerType=HTTP, username=, password=********, proxyServerAddress=, proxyServerPort=0, executionList=&quot;&quot;, isApplyToDesiredCapabilities=true }"/>
         <property name="platform" value="Mac OS X"/>
      </properties>
      <testcase name="Test Cases/user/create account" time="41.72" classname="Test Cases/user/create account" status="PASSED">
         <system-out><![CDATA[07-02-2024T16:18:33 - [TEST_CASE][PASSED] - Test Cases/user/create account: Test Cases/user/create account

07-02-2024T16:18:33 - [TEST_STEP][PASSED] - openBrowser(""): Browser is opened with url: ''

07-02-2024T16:18:33 - [MESSAGE][INFO] - Starting 'Chrome' driver

07-02-2024T16:18:33 - [MESSAGE][INFO] - Action delay is set to 0 milliseconds

07-02-2024T16:18:34 - [MESSAGE][PASSED] - Browser is opened with url: ''

07-02-2024T16:18:34 - [TEST_STEP][PASSED] - navigateToUrl(url): Navigate to 'https://advantageonlineshopping.com/' successfully

07-02-2024T16:18:38 - [MESSAGE][PASSED] - Navigate to 'https://advantageonlineshopping.com/' successfully

07-02-2024T16:18:38 - [TEST_STEP][PASSED] - click(findTestObject("Object Repository/user/create account (1)/svg_CHECKOUT  (0.00)_menuUser")): Object: 'Object Repository/user/create account (1)/svg_CHECKOUT  (0.00)_menuUser' is clicked on

07-02-2024T16:18:43 - [MESSAGE][PASSED] - Object: 'Object Repository/user/create account (1)/svg_CHECKOUT  (0.00)_menuUser' is clicked on

07-02-2024T16:18:43 - [TEST_STEP][PASSED] - click(findTestObject("Object Repository/user/create account/Page_Advantage Shopping/a_CREATE NEW ACCOUNT")): Object: 'Object Repository/user/create account/Page_Advantage Shopping/a_CREATE NEW ACCOUNT' is clicked on

07-02-2024T16:18:43 - [MESSAGE][PASSED] - Object: 'Object Repository/user/create account/Page_Advantage Shopping/a_CREATE NEW ACCOUNT' is clicked on

07-02-2024T16:18:43 - [TEST_STEP][PASSED] - setText(findTestObject("Object Repository/user/create account (1)/input__usernameRegisterPage"), "coba2"): Text 'coba2' is set on object 'Object Repository/user/create account (1)/input__usernameRegisterPage'

07-02-2024T16:18:57 - [MESSAGE][PASSED] - Text 'coba2' is set on object 'Object Repository/user/create account (1)/input__usernameRegisterPage'

07-02-2024T16:18:57 - [TEST_STEP][PASSED] - setText(findTestObject("Object Repository/user/create account (1)/input__emailRegisterPage"), "coba2@gmail.com"): Text 'coba2@gmail.com' is set on object 'Object Repository/user/create account (1)/input__emailRegisterPage'

07-02-2024T16:18:58 - [MESSAGE][PASSED] - Text 'coba2@gmail.com' is set on object 'Object Repository/user/create account (1)/input__emailRegisterPage'

07-02-2024T16:18:58 - [TEST_STEP][PASSED] - setText(findTestObject("Object Repository/user/create account (1)/input__passwordRegisterPage"), "Coba2"): Text 'Coba2' is set on object 'Object Repository/user/create account (1)/input__passwordRegisterPage'

07-02-2024T16:18:59 - [MESSAGE][PASSED] - Text 'Coba2' is set on object 'Object Repository/user/create account (1)/input__passwordRegisterPage'

07-02-2024T16:18:59 - [TEST_STEP][PASSED] - setText(findTestObject("Object Repository/user/create account (1)/input__confirm_passwordRegisterPage"), "Coba2"): Text 'Coba2' is set on object 'Object Repository/user/create account (1)/input__confirm_passwordRegisterPage'

07-02-2024T16:19:00 - [MESSAGE][PASSED] - Text 'Coba2' is set on object 'Object Repository/user/create account (1)/input__confirm_passwordRegisterPage'

07-02-2024T16:19:00 - [TEST_STEP][PASSED] - setText(findTestObject("Object Repository/user/create account (1)/input_PERSONAL DETAILS_first_nameRegisterPage"), "coba"): Text 'coba' is set on object 'Object Repository/user/create account (1)/input_PERSONAL DETAILS_first_nameRegisterPage'

07-02-2024T16:19:01 - [MESSAGE][PASSED] - Text 'coba' is set on object 'Object Repository/user/create account (1)/input_PERSONAL DETAILS_first_nameRegisterPage'

07-02-2024T16:19:01 - [TEST_STEP][PASSED] - setText(findTestObject("Object Repository/user/create account (1)/input_- Use maximum 30 character_last_nameR_6ef033"), "coba"): Text 'coba' is set on object 'Object Repository/user/create account (1)/input_- Use maximum 30 character_last_nameR_6ef033'

07-02-2024T16:19:03 - [MESSAGE][PASSED] - Text 'coba' is set on object 'Object Repository/user/create account (1)/input_- Use maximum 30 character_last_nameR_6ef033'

07-02-2024T16:19:03 - [TEST_STEP][PASSED] - setText(findTestObject("Object Repository/user/create account/Page_Advantage Shopping/input_- Use maximum 30 character_phone_numb_7c938a"), "081234567890"): Text '081234567890' is set on object 'Object Repository/user/create account/Page_Advantage Shopping/input_- Use maximum 30 character_phone_numb_7c938a'

07-02-2024T16:19:04 - [MESSAGE][PASSED] - Text '081234567890' is set on object 'Object Repository/user/create account/Page_Advantage Shopping/input_- Use maximum 30 character_phone_numb_7c938a'

07-02-2024T16:19:04 - [TEST_STEP][PASSED] - selectOptionByValue(findTestObject("Object Repository/user/create account (1)/select_AfganistanAlbaniaAlgeriaAmerican Sam_3cef8a"), "object:250", true): All options with value 'object:250' are selected in object 'Object Repository/user/create account (1)/select_AfganistanAlbaniaAlgeriaAmerican Sam_3cef8a'  using regular expression

07-02-2024T16:19:06 - [MESSAGE][PASSED] - All options with value 'object:250' are selected in object 'Object Repository/user/create account (1)/select_AfganistanAlbaniaAlgeriaAmerican Sam_3cef8a'  using regular expression

07-02-2024T16:19:06 - [TEST_STEP][PASSED] - sendKeys(findTestObject("Object Repository/Page_Checkout  Katalon Shop/input_concat(id(, , select2-billing_country_d3312d"), Keys.chord(ENTER)): Keys 'ENTER + ' sent to object: 'tempBody'

07-02-2024T16:19:06 - [MESSAGE][WARNING] - Test object with id 'Object Repository/Page_Checkout  Katalon Shop/input_concat(id(, , select2-billing_country_d3312d' does not exist

07-02-2024T16:19:06 - [MESSAGE][WARNING] - Test object with id 'Object Repository/' does not exist

07-02-2024T16:19:07 - [MESSAGE][PASSED] - Keys 'ENTER + ' sent to object: 'tempBody'

07-02-2024T16:19:07 - [TEST_STEP][PASSED] - setText(findTestObject("Object Repository/user/create account (1)/input_Country_cityRegisterPage"), "jakarta"): Text 'jakarta' is set on object 'Object Repository/user/create account (1)/input_Country_cityRegisterPage'

07-02-2024T16:19:08 - [MESSAGE][PASSED] - Text 'jakarta' is set on object 'Object Repository/user/create account (1)/input_Country_cityRegisterPage'

07-02-2024T16:19:08 - [TEST_STEP][PASSED] - setText(findTestObject("Object Repository/user/create account (1)/input_- Use maximum 25 character_addressReg_9e23b3"), "tebet"): Text 'tebet' is set on object 'Object Repository/user/create account (1)/input_- Use maximum 25 character_addressReg_9e23b3'

07-02-2024T16:19:09 - [MESSAGE][PASSED] - Text 'tebet' is set on object 'Object Repository/user/create account (1)/input_- Use maximum 25 character_addressReg_9e23b3'

07-02-2024T16:19:09 - [TEST_STEP][PASSED] - setText(findTestObject("Object Repository/user/create account (1)/input_- Use maximum 50 character_state__pro_272a54"), "jakarta"): Text 'jakarta' is set on object 'Object Repository/user/create account (1)/input_- Use maximum 50 character_state__pro_272a54'

07-02-2024T16:19:10 - [MESSAGE][PASSED] - Text 'jakarta' is set on object 'Object Repository/user/create account (1)/input_- Use maximum 50 character_state__pro_272a54'

07-02-2024T16:19:10 - [TEST_STEP][PASSED] - setText(findTestObject("Object Repository/user/create account (1)/input_- Use maximum 10 character_postal_cod_639c2f"), "12345"): Text '12345' is set on object 'Object Repository/user/create account (1)/input_- Use maximum 10 character_postal_cod_639c2f'

07-02-2024T16:19:11 - [MESSAGE][PASSED] - Text '12345' is set on object 'Object Repository/user/create account (1)/input_- Use maximum 10 character_postal_cod_639c2f'

07-02-2024T16:19:11 - [TEST_STEP][PASSED] - click(findTestObject("Object Repository/user/create account (1)/input_Receive exclusive offers and promotio_5c7450")): Object: 'Object Repository/user/create account (1)/input_Receive exclusive offers and promotio_5c7450' is clicked on

07-02-2024T16:19:12 - [MESSAGE][PASSED] - Object: 'Object Repository/user/create account (1)/input_Receive exclusive offers and promotio_5c7450' is clicked on

07-02-2024T16:19:12 - [TEST_STEP][PASSED] - delay(2): Delayed 2 second(s)

07-02-2024T16:19:14 - [MESSAGE][PASSED] - Delayed 2 second(s)

07-02-2024T16:19:14 - [TEST_STEP][PASSED] - click(findTestObject("Object Repository/user/create account (1)/button_REGISTER")): Object: 'Object Repository/user/create account (1)/button_REGISTER' is clicked on

07-02-2024T16:19:14 - [MESSAGE][PASSED] - Object: 'Object Repository/user/create account (1)/button_REGISTER' is clicked on

07-02-2024T16:19:14 - [TEST_STEP][PASSED] - navigateToUrl("https://advantageonlineshopping.com/#/"): Navigate to 'https://advantageonlineshopping.com/#/' successfully

07-02-2024T16:19:14 - [MESSAGE][PASSED] - Navigate to 'https://advantageonlineshopping.com/#/' successfully]]></system-out>
         <system-err><![CDATA[]]></system-err>
      </testcase>
      <system-out><![CDATA[07-02-2024T16:18:32 - [TEST_SUITE][PASSED] - user: Test Cases/user/create account]]></system-out>
      <system-err><![CDATA[]]></system-err>
   </testsuite>
</testsuites>
