<?xml version="1.0" encoding="UTF-8"?>
<testsuites name="buy item" time="20.29" tests="1" failures="0" errors="0">
   <testsuite name="buy item" tests="1" failures="0" errors="0" time="20.29" skipped="0" timestamp="11-02-2024T18:41:14" hostname="piawaitrisulo - 192.168.100.110" id="Test Suites/buy item">
      <properties>
         <property name="deviceName" value=""/>
         <property name="devicePlatform" value=""/>
         <property name="logFolder" value="/Users/jalu/git/tugas/Reports/20240211_184058/buy item/20240211_184059"/>
         <property name="logFiles" value="/Users/jalu/git/tugas/Reports/20240211_184058/buy item/20240211_184059/execution0.log"/>
         <property name="attachments" value=""/>
         <property name="hostName" value="piawaitrisulo - 192.168.100.110"/>
         <property name="os" value="Mac OS X 64bit"/>
         <property name="katalonVersion" value="9.3.0.212"/>
         <property name="browser" value="Chrome 121.0.0.0"/>
         <property name="hostAddress" value="192.168.100.110"/>
         <property name="sessionId" value="d10ccdb27eda060b5f05dd18d6b4b62d"/>
         <property name="seleniumVersion" value="3.141.59"/>
         <property name="proxyInformation" value="ProxyInformation { proxyOption=NO_PROXY, proxyServerType=HTTP, username=, password=********, proxyServerAddress=, proxyServerPort=0, executionList=&quot;&quot;, isApplyToDesiredCapabilities=true }"/>
         <property name="platform" value="Mac OS X"/>
      </properties>
      <testcase name="Test Cases/buy item/view detail popular item" time="20.222" classname="Test Cases/buy item/view detail popular item" status="PASSED">
         <system-out><![CDATA[11-02-2024T18:41:14 - [TEST_CASE][PASSED] - Test Cases/buy item/view detail popular item: Test Cases/buy item/view detail popular item

11-02-2024T18:41:14 - [TEST_STEP][PASSED] - openBrowser(""): Browser is opened with url: ''

11-02-2024T18:41:14 - [MESSAGE][INFO] - Starting 'Chrome' driver

11-02-2024T18:41:14 - [MESSAGE][INFO] - Action delay is set to 0 milliseconds

11-02-2024T18:41:15 - [MESSAGE][PASSED] - Browser is opened with url: ''

11-02-2024T18:41:15 - [TEST_STEP][PASSED] - navigateToUrl(url): Navigate to 'https://advantageonlineshopping.com/' successfully

11-02-2024T18:41:21 - [MESSAGE][PASSED] - Navigate to 'https://advantageonlineshopping.com/' successfully

11-02-2024T18:41:21 - [TEST_STEP][PASSED] - delay(10): Delayed 10 second(s)

11-02-2024T18:41:31 - [MESSAGE][PASSED] - Delayed 10 second(s)

11-02-2024T18:41:31 - [TEST_STEP][PASSED] - click(findTestObject("Object Repository/buy item/Page_Advantage Shopping/a_POPULAR ITEMS")): Object: 'Object Repository/buy item/Page_Advantage Shopping/a_POPULAR ITEMS' is clicked on

11-02-2024T18:41:32 - [MESSAGE][PASSED] - Object: 'Object Repository/buy item/Page_Advantage Shopping/a_POPULAR ITEMS' is clicked on

11-02-2024T18:41:32 - [TEST_STEP][PASSED] - click(findTestObject("Object Repository/buy item/Page_Advantage Shopping/label_View Details")): Object: 'Object Repository/buy item/Page_Advantage Shopping/label_View Details' is clicked on

11-02-2024T18:41:32 - [MESSAGE][PASSED] - Object: 'Object Repository/buy item/Page_Advantage Shopping/label_View Details' is clicked on

11-02-2024T18:41:32 - [TEST_STEP][PASSED] - delay(2): Delayed 2 second(s)

11-02-2024T18:41:34 - [MESSAGE][PASSED] - Delayed 2 second(s)

11-02-2024T18:41:34 - [TEST_STEP][PASSED] - closeBrowser(): Browser is closed

11-02-2024T18:41:34 - [MESSAGE][PASSED] - Browser is closed]]></system-out>
         <system-err><![CDATA[]]></system-err>
      </testcase>
      <system-out><![CDATA[11-02-2024T18:41:14 - [TEST_SUITE][PASSED] - buy item: Test Cases/buy item/view detail popular item]]></system-out>
      <system-err><![CDATA[]]></system-err>
   </testsuite>
</testsuites>
