<?xml version="1.0" encoding="UTF-8"?>
<testsuites name="user" time="27.042" tests="1" failures="0" errors="0">
   <testsuite name="user" tests="1" failures="0" errors="0" time="27.042" skipped="0" timestamp="07-02-2024T14:54:16" hostname="piawaitrisulo - 172.16.213.20" id="Test Suites/user">
      <properties>
         <property name="deviceName" value=""/>
         <property name="devicePlatform" value=""/>
         <property name="logFolder" value="/Users/jalu/git/tugas/Reports/20240207_145412/user/20240207_145412"/>
         <property name="logFiles" value="/Users/jalu/git/tugas/Reports/20240207_145412/user/20240207_145412/execution0.log"/>
         <property name="attachments" value=""/>
         <property name="hostName" value="piawaitrisulo - 172.16.213.20"/>
         <property name="os" value="Mac OS X 64bit"/>
         <property name="katalonVersion" value="9.3.0.212"/>
         <property name="browser" value="Chrome 121.0.0.0"/>
         <property name="hostAddress" value="172.16.213.20"/>
         <property name="sessionId" value="f1f20bc2bbfe74848f0459523fac9e6d"/>
         <property name="seleniumVersion" value="3.141.59"/>
         <property name="proxyInformation" value="ProxyInformation { proxyOption=NO_PROXY, proxyServerType=HTTP, username=, password=********, proxyServerAddress=, proxyServerPort=0, executionList=&quot;&quot;, isApplyToDesiredCapabilities=true }"/>
         <property name="platform" value="Mac OS X"/>
      </properties>
      <testcase name="Test Cases/user/logout" time="26.976" classname="Test Cases/user/logout" status="PASSED">
         <system-out><![CDATA[07-02-2024T14:54:16 - [TEST_CASE][PASSED] - Test Cases/user/logout: Test Cases/user/logout

07-02-2024T14:54:16 - [TEST_STEP][PASSED] - openBrowser(""): Browser is opened with url: ''

07-02-2024T14:54:16 - [MESSAGE][INFO] - Starting 'Chrome' driver

07-02-2024T14:54:16 - [MESSAGE][INFO] - Action delay is set to 0 milliseconds

07-02-2024T14:54:18 - [MESSAGE][PASSED] - Browser is opened with url: ''

07-02-2024T14:54:18 - [TEST_STEP][PASSED] - navigateToUrl(url): Navigate to 'https://advantageonlineshopping.com/' successfully

07-02-2024T14:54:21 - [MESSAGE][PASSED] - Navigate to 'https://advantageonlineshopping.com/' successfully

07-02-2024T14:54:21 - [TEST_STEP][PASSED] - delay(10): Delayed 10 second(s)

07-02-2024T14:54:31 - [MESSAGE][PASSED] - Delayed 10 second(s)

07-02-2024T14:54:31 - [TEST_STEP][PASSED] - click(findTestObject("Object Repository/user/logout/login (1)/svg_CHECKOUT  (0.00)_menuUser")): Object: 'Object Repository/user/logout/login (1)/svg_CHECKOUT  (0.00)_menuUser' is clicked on

07-02-2024T14:54:31 - [MESSAGE][PASSED] - Object: 'Object Repository/user/logout/login (1)/svg_CHECKOUT  (0.00)_menuUser' is clicked on

07-02-2024T14:54:31 - [TEST_STEP][NOT_RUN] - setText(findTestObject("Object Repository/user/logout/login (1)/input_OR_username"), username): NOT_RUN: setText(findTestObject("Object Repository/user/logout/login (1)/input_OR_username"), username)

07-02-2024T14:54:31 - [MESSAGE][NOT_RUN] - NOT_RUN: setText(findTestObject("Object Repository/user/logout/login (1)/input_OR_username"), username)

07-02-2024T14:54:31 - [TEST_STEP][NOT_RUN] - passwd = CryptoUtil.encode(CryptoUtil.getDefault(password)): NOT_RUN: passwd = CryptoUtil.encode(CryptoUtil.getDefault(password))

07-02-2024T14:54:31 - [MESSAGE][NOT_RUN] - NOT_RUN: passwd = CryptoUtil.encode(CryptoUtil.getDefault(password))

07-02-2024T14:54:31 - [TEST_STEP][NOT_RUN] - setEncryptedText(findTestObject("Object Repository/user/logout/login (1)/input_Username_password"), passwd): NOT_RUN: setEncryptedText(findTestObject("Object Repository/user/logout/login (1)/input_Username_password"), passwd)

07-02-2024T14:54:31 - [MESSAGE][NOT_RUN] - NOT_RUN: setEncryptedText(findTestObject("Object Repository/user/logout/login (1)/input_Username_password"), passwd)

07-02-2024T14:54:31 - [TEST_STEP][NOT_RUN] - click(findTestObject("Object Repository/user/logout/login (1)/button_SIGN IN")): NOT_RUN: click(findTestObject("Object Repository/user/logout/login (1)/button_SIGN IN"))

07-02-2024T14:54:31 - [MESSAGE][NOT_RUN] - NOT_RUN: click(findTestObject("Object Repository/user/logout/login (1)/button_SIGN IN"))

07-02-2024T14:54:31 - [TEST_STEP][PASSED] - setText(findTestObject("Object Repository/user/logout/Page_Advantage Shopping/input_OR_username"), "jalu1"): Text 'jalu1' is set on object 'Object Repository/user/logout/Page_Advantage Shopping/input_OR_username'

07-02-2024T14:54:32 - [MESSAGE][PASSED] - Text 'jalu1' is set on object 'Object Repository/user/logout/Page_Advantage Shopping/input_OR_username'

07-02-2024T14:54:32 - [TEST_STEP][PASSED] - click(findTestObject("Object Repository/user/logout/Page_Advantage Shopping/label_Password")): Object: 'Object Repository/user/logout/Page_Advantage Shopping/label_Password' is clicked on

07-02-2024T14:54:33 - [MESSAGE][PASSED] - Object: 'Object Repository/user/logout/Page_Advantage Shopping/label_Password' is clicked on

07-02-2024T14:54:33 - [TEST_STEP][PASSED] - setEncryptedText(findTestObject("Object Repository/user/logout/Page_Advantage Shopping/input_Username_password"), "3Z9vEXbPUsDx7GK4ygoAtA=="): Text ****** has been set on object 'Object Repository/user/logout/Page_Advantage Shopping/input_Username_password'

07-02-2024T14:54:34 - [MESSAGE][PASSED] - Text ****** has been set on object 'Object Repository/user/logout/Page_Advantage Shopping/input_Username_password'

07-02-2024T14:54:34 - [TEST_STEP][PASSED] - click(findTestObject("Object Repository/user/logout/Page_Advantage Shopping/button_SIGN IN")): Object: 'Object Repository/user/logout/Page_Advantage Shopping/button_SIGN IN' is clicked on

07-02-2024T14:54:34 - [MESSAGE][PASSED] - Object: 'Object Repository/user/logout/Page_Advantage Shopping/button_SIGN IN' is clicked on

07-02-2024T14:54:34 - [TEST_STEP][PASSED] - delay(5): Delayed 5 second(s)

07-02-2024T14:54:39 - [MESSAGE][PASSED] - Delayed 5 second(s)

07-02-2024T14:54:39 - [TEST_STEP][PASSED] - click(findTestObject("Object Repository/user/logout/svg_jalu1_menuUser")): Object: 'Object Repository/user/logout/svg_jalu1_menuUser' is clicked on

07-02-2024T14:54:40 - [MESSAGE][PASSED] - Object: 'Object Repository/user/logout/svg_jalu1_menuUser' is clicked on

07-02-2024T14:54:40 - [TEST_STEP][PASSED] - click(findTestObject("Object Repository/user/logout/label_Sign out")): Object: 'Object Repository/user/logout/label_Sign out' is clicked on

07-02-2024T14:54:40 - [MESSAGE][PASSED] - Object: 'Object Repository/user/logout/label_Sign out' is clicked on

07-02-2024T14:54:40 - [TEST_STEP][PASSED] - delay(3): Delayed 3 second(s)

07-02-2024T14:54:43 - [MESSAGE][PASSED] - Delayed 3 second(s)

07-02-2024T14:54:43 - [TEST_STEP][PASSED] - closeBrowser(): Browser is closed

07-02-2024T14:54:43 - [MESSAGE][PASSED] - Browser is closed]]></system-out>
         <system-err><![CDATA[]]></system-err>
      </testcase>
      <system-out><![CDATA[07-02-2024T14:54:16 - [TEST_SUITE][PASSED] - user: Test Cases/user/logout]]></system-out>
      <system-err><![CDATA[]]></system-err>
   </testsuite>
</testsuites>
